0 info it worked if it ends with ok
1 verbose cli [ 'node',
1 verbose cli   '/usr/bin/npm',
1 verbose cli   'install',
1 verbose cli   'bower',
1 verbose cli   'driftyco/ionic-bower#v1.1.1' ]
2 info using npm@3.7.1
3 info using node@v0.10.37
4 verbose node symlink /usr/bin/node
5 silly loadCurrentTree Starting
6 silly install loadCurrentTree
7 silly install readLocalPackageData
8 silly fetchPackageMetaData bower@^1.3.3
9 silly fetchPackageMetaData driftyco/ionic-bower#v1.1.1
10 silly fetchNamedPackageData bower
11 silly mapToRegistry name bower
12 silly mapToRegistry using default registry
13 silly mapToRegistry registry http://registry.npmjs.org/
14 silly mapToRegistry uri http://registry.npmjs.org/bower
15 silly fetchOtherPackageData driftyco/ionic-bower#v1.1.1
16 silly cache add args [ 'driftyco/ionic-bower#v1.1.1', null ]
17 verbose cache add spec driftyco/ionic-bower#v1.1.1
18 silly cache add parsed spec { raw: 'driftyco/ionic-bower#v1.1.1',
18 silly cache add   scope: null,
18 silly cache add   name: null,
18 silly cache add   rawSpec: 'driftyco/ionic-bower#v1.1.1',
18 silly cache add   spec: 'github:driftyco/ionic-bower#v1.1.1',
18 silly cache add   type: 'hosted',
18 silly cache add   hosted:
18 silly cache add    { type: 'github',
18 silly cache add      ssh: 'git@github.com:driftyco/ionic-bower.git#v1.1.1',
18 silly cache add      sshUrl: 'git+ssh://git@github.com/driftyco/ionic-bower.git#v1.1.1',
18 silly cache add      httpsUrl: 'git+https://github.com/driftyco/ionic-bower.git#v1.1.1',
18 silly cache add      gitUrl: 'git://github.com/driftyco/ionic-bower.git#v1.1.1',
18 silly cache add      shortcut: 'github:driftyco/ionic-bower#v1.1.1',
18 silly cache add      directUrl: 'https://raw.githubusercontent.com/driftyco/ionic-bower/v1.1.1/package.json' } }
19 verbose addRemoteGit caching driftyco/ionic-bower#v1.1.1
20 verbose addRemoteGit driftyco/ionic-bower#v1.1.1 is a repository hosted by github
21 silly tryGitProto attempting to clone git://github.com/driftyco/ionic-bower.git#v1.1.1
22 silly tryClone cloning driftyco/ionic-bower#v1.1.1 via git://github.com/driftyco/ionic-bower.git#v1.1.1
23 verbose tryClone git-github-com-driftyco-ionic-bower-git-v1-1-1-0073c9d1 not in flight; caching
24 verbose correctMkdir /home/john/.npm/_git-remotes correctMkdir not in flight; initializing
25 verbose makeDirectory /home/john/.npm/_git-remotes creation not in flight; initializing
26 silly makeDirectory /home/john/.npm/_git-remotes uid: 1000 gid: 1000
27 verbose request uri http://registry.npmjs.org/bower
28 verbose request no auth needed
29 info attempt registry request try #1 at 23:50:16
30 verbose request id 7088e106bf9bf8ec
31 verbose etag "9T0AZ5RUIWZG5IPJ1TIG3ABV4"
32 http request GET http://registry.npmjs.org/bower
33 info git [ 'clone',
33 info git   '--template=/home/john/.npm/_git-remotes/_templates',
33 info git   '--mirror',
33 info git   'git://github.com/driftyco/ionic-bower.git',
33 info git   '/home/john/.npm/_git-remotes/git-github-com-driftyco-ionic-bower-git-v1-1-1-0073c9d1' ]
34 http 304 http://registry.npmjs.org/bower
35 verbose headers { date: 'Wed, 17 Feb 2016 04:50:16 GMT',
35 verbose headers   via: '1.1 varnish',
35 verbose headers   'cache-control': 'max-age=300',
35 verbose headers   etag: '"9T0AZ5RUIWZG5IPJ1TIG3ABV4"',
35 verbose headers   age: '134',
35 verbose headers   connection: 'keep-alive',
35 verbose headers   'x-served-by': 'cache-jfk1046-JFK',
35 verbose headers   'x-cache': 'HIT',
35 verbose headers   'x-cache-hits': '1',
35 verbose headers   'x-timer': 'S1455684616.402681,VS0,VE0',
35 verbose headers   vary: 'Accept' }
36 silly get cb [ 304,
36 silly get   { date: 'Wed, 17 Feb 2016 04:50:16 GMT',
36 silly get     via: '1.1 varnish',
36 silly get     'cache-control': 'max-age=300',
36 silly get     etag: '"9T0AZ5RUIWZG5IPJ1TIG3ABV4"',
36 silly get     age: '134',
36 silly get     connection: 'keep-alive',
36 silly get     'x-served-by': 'cache-jfk1046-JFK',
36 silly get     'x-cache': 'HIT',
36 silly get     'x-cache-hits': '1',
36 silly get     'x-timer': 'S1455684616.402681,VS0,VE0',
36 silly get     vary: 'Accept' } ]
37 verbose etag http://registry.npmjs.org/bower from cache
38 verbose get saving bower to /home/john/.npm/registry.npmjs.org/bower/.cache.json
39 verbose correctMkdir /home/john/.npm correctMkdir not in flight; initializing
40 verbose mirrorRemote driftyco/ionic-bower#v1.1.1 git clone git://github.com/driftyco/ionic-bower.git
41 verbose correctMkdir /home/john/.npm/_git-remotes correctMkdir not in flight; initializing
42 verbose setPermissions driftyco/ionic-bower#v1.1.1 set permissions on /home/john/.npm/_git-remotes/git-github-com-driftyco-ionic-bower-git-v1-1-1-0073c9d1
43 verbose resolveHead driftyco/ionic-bower#v1.1.1 original treeish: v1.1.1
44 info git [ 'rev-list', '-n1', 'v1.1.1' ]
45 silly resolveHead driftyco/ionic-bower#v1.1.1 resolved treeish: cfd7acef85e3717a5093c213e761970ec524130b
46 verbose resolveHead driftyco/ionic-bower#v1.1.1 resolved Git URL: git://github.com/driftyco/ionic-bower.git#cfd7acef85e3717a5093c213e761970ec524130b
47 silly resolveHead Git working directory: /tmp/npm-27932-80944d3a/git-cache-53f34aaa/cfd7acef85e3717a5093c213e761970ec524130b
48 info git [ 'clone',
48 info git   '/home/john/.npm/_git-remotes/git-github-com-driftyco-ionic-bower-git-v1-1-1-0073c9d1',
48 info git   '/tmp/npm-27932-80944d3a/git-cache-53f34aaa/cfd7acef85e3717a5093c213e761970ec524130b' ]
49 verbose cloneResolved driftyco/ionic-bower#v1.1.1 clone Cloning into '/tmp/npm-27932-80944d3a/git-cache-53f34aaa/cfd7acef85e3717a5093c213e761970ec524130b'...
49 verbose cloneResolved done.
50 info git [ 'checkout', 'cfd7acef85e3717a5093c213e761970ec524130b' ]
51 verbose checkoutTreeish driftyco/ionic-bower#v1.1.1 checkout Note: checking out 'cfd7acef85e3717a5093c213e761970ec524130b'.
51 verbose checkoutTreeish
51 verbose checkoutTreeish You are in 'detached HEAD' state. You can look around, make experimental
51 verbose checkoutTreeish changes and commit them, and you can discard any commits you make in this
51 verbose checkoutTreeish state without impacting any branches by performing another checkout.
51 verbose checkoutTreeish
51 verbose checkoutTreeish If you want to create a new branch to retain commits you create, you may
51 verbose checkoutTreeish do so (now or later) by using -b with the checkout command again. Example:
51 verbose checkoutTreeish
51 verbose checkoutTreeish   git checkout -b new_branch_name
51 verbose checkoutTreeish
51 verbose checkoutTreeish HEAD is now at cfd7ace... Update README.md
52 info git [ 'submodule', '-q', 'update', '--init', '--recursive' ]
53 verbose updateSubmodules driftyco/ionic-bower#v1.1.1 submodule update
54 error addLocal Could not install /tmp/npm-27932-80944d3a/git-cache-53f34aaa/cfd7acef85e3717a5093c213e761970ec524130b
55 silly tryHTTPS attempting to clone git+https://github.com/driftyco/ionic-bower.git#v1.1.1
56 silly tryClone cloning driftyco/ionic-bower#v1.1.1 via git+https://github.com/driftyco/ionic-bower.git#v1.1.1
57 verbose tryClone git-https-github-com-driftyco-ionic-bower-git-v1-1-1-5a8ec82b not in flight; caching
58 verbose correctMkdir /home/john/.npm/_git-remotes correctMkdir not in flight; initializing
59 info git [ 'clone',
59 info git   '--template=/home/john/.npm/_git-remotes/_templates',
59 info git   '--mirror',
59 info git   'https://github.com/driftyco/ionic-bower.git',
59 info git   '/home/john/.npm/_git-remotes/git-https-github-com-driftyco-ionic-bower-git-v1-1-1-5a8ec82b' ]
60 verbose mirrorRemote driftyco/ionic-bower#v1.1.1 git clone https://github.com/driftyco/ionic-bower.git
61 verbose correctMkdir /home/john/.npm/_git-remotes correctMkdir not in flight; initializing
62 verbose setPermissions driftyco/ionic-bower#v1.1.1 set permissions on /home/john/.npm/_git-remotes/git-https-github-com-driftyco-ionic-bower-git-v1-1-1-5a8ec82b
63 verbose resolveHead driftyco/ionic-bower#v1.1.1 original treeish: v1.1.1
64 info git [ 'rev-list', '-n1', 'v1.1.1' ]
65 silly resolveHead driftyco/ionic-bower#v1.1.1 resolved treeish: cfd7acef85e3717a5093c213e761970ec524130b
66 verbose resolveHead driftyco/ionic-bower#v1.1.1 resolved Git URL: git+https://github.com/driftyco/ionic-bower.git#cfd7acef85e3717a5093c213e761970ec524130b
67 silly resolveHead Git working directory: /tmp/npm-27932-80944d3a/git-cache-369c2f30/cfd7acef85e3717a5093c213e761970ec524130b
68 info git [ 'clone',
68 info git   '/home/john/.npm/_git-remotes/git-https-github-com-driftyco-ionic-bower-git-v1-1-1-5a8ec82b',
68 info git   '/tmp/npm-27932-80944d3a/git-cache-369c2f30/cfd7acef85e3717a5093c213e761970ec524130b' ]
69 verbose cloneResolved driftyco/ionic-bower#v1.1.1 clone Cloning into '/tmp/npm-27932-80944d3a/git-cache-369c2f30/cfd7acef85e3717a5093c213e761970ec524130b'...
69 verbose cloneResolved done.
70 info git [ 'checkout', 'cfd7acef85e3717a5093c213e761970ec524130b' ]
71 verbose checkoutTreeish driftyco/ionic-bower#v1.1.1 checkout Note: checking out 'cfd7acef85e3717a5093c213e761970ec524130b'.
71 verbose checkoutTreeish
71 verbose checkoutTreeish You are in 'detached HEAD' state. You can look around, make experimental
71 verbose checkoutTreeish changes and commit them, and you can discard any commits you make in this
71 verbose checkoutTreeish state without impacting any branches by performing another checkout.
71 verbose checkoutTreeish
71 verbose checkoutTreeish If you want to create a new branch to retain commits you create, you may
71 verbose checkoutTreeish do so (now or later) by using -b with the checkout command again. Example:
71 verbose checkoutTreeish
71 verbose checkoutTreeish   git checkout -b new_branch_name
71 verbose checkoutTreeish
71 verbose checkoutTreeish HEAD is now at cfd7ace... Update README.md
72 info git [ 'submodule', '-q', 'update', '--init', '--recursive' ]
73 verbose updateSubmodules driftyco/ionic-bower#v1.1.1 submodule update
74 error addLocal Could not install /tmp/npm-27932-80944d3a/git-cache-369c2f30/cfd7acef85e3717a5093c213e761970ec524130b
75 silly trySSH attempting to clone git@github.com:driftyco/ionic-bower.git#v1.1.1
76 silly tryClone cloning driftyco/ionic-bower#v1.1.1 via git@github.com:driftyco/ionic-bower.git#v1.1.1
77 verbose tryClone git-github-com-driftyco-ionic-bower-git-v1-1-1-020c3f62 not in flight; caching
78 verbose correctMkdir /home/john/.npm/_git-remotes correctMkdir not in flight; initializing
79 info git [ 'clone',
79 info git   '--template=/home/john/.npm/_git-remotes/_templates',
79 info git   '--mirror',
79 info git   'git@github.com:driftyco/ionic-bower.git',
79 info git   '/home/john/.npm/_git-remotes/git-github-com-driftyco-ionic-bower-git-v1-1-1-020c3f62' ]
80 verbose mirrorRemote driftyco/ionic-bower#v1.1.1 git clone git@github.com:driftyco/ionic-bower.git
81 verbose correctMkdir /home/john/.npm/_git-remotes correctMkdir not in flight; initializing
82 verbose setPermissions driftyco/ionic-bower#v1.1.1 set permissions on /home/john/.npm/_git-remotes/git-github-com-driftyco-ionic-bower-git-v1-1-1-020c3f62
83 verbose resolveHead driftyco/ionic-bower#v1.1.1 original treeish: v1.1.1
84 info git [ 'rev-list', '-n1', 'v1.1.1' ]
85 silly resolveHead driftyco/ionic-bower#v1.1.1 resolved treeish: cfd7acef85e3717a5093c213e761970ec524130b
86 verbose resolveHead driftyco/ionic-bower#v1.1.1 resolved Git URL: git+ssh://git@github.com/driftyco/ionic-bower.git#cfd7acef85e3717a5093c213e761970ec524130b
87 silly resolveHead Git working directory: /tmp/npm-27932-80944d3a/git-cache-c1bdad29/cfd7acef85e3717a5093c213e761970ec524130b
88 info git [ 'clone',
88 info git   '/home/john/.npm/_git-remotes/git-github-com-driftyco-ionic-bower-git-v1-1-1-020c3f62',
88 info git   '/tmp/npm-27932-80944d3a/git-cache-c1bdad29/cfd7acef85e3717a5093c213e761970ec524130b' ]
89 verbose cloneResolved driftyco/ionic-bower#v1.1.1 clone Cloning into '/tmp/npm-27932-80944d3a/git-cache-c1bdad29/cfd7acef85e3717a5093c213e761970ec524130b'...
89 verbose cloneResolved done.
90 info git [ 'checkout', 'cfd7acef85e3717a5093c213e761970ec524130b' ]
91 verbose checkoutTreeish driftyco/ionic-bower#v1.1.1 checkout Note: checking out 'cfd7acef85e3717a5093c213e761970ec524130b'.
91 verbose checkoutTreeish
91 verbose checkoutTreeish You are in 'detached HEAD' state. You can look around, make experimental
91 verbose checkoutTreeish changes and commit them, and you can discard any commits you make in this
91 verbose checkoutTreeish state without impacting any branches by performing another checkout.
91 verbose checkoutTreeish
91 verbose checkoutTreeish If you want to create a new branch to retain commits you create, you may
91 verbose checkoutTreeish do so (now or later) by using -b with the checkout command again. Example:
91 verbose checkoutTreeish
91 verbose checkoutTreeish   git checkout -b new_branch_name
91 verbose checkoutTreeish
91 verbose checkoutTreeish HEAD is now at cfd7ace... Update README.md
92 info git [ 'submodule', '-q', 'update', '--init', '--recursive' ]
93 verbose updateSubmodules driftyco/ionic-bower#v1.1.1 submodule update
94 error addLocal Could not install /tmp/npm-27932-80944d3a/git-cache-c1bdad29/cfd7acef85e3717a5093c213e761970ec524130b
95 silly fetchPackageMetaData Error: EISDIR, read
95 silly fetchPackageMetaData  error for driftyco/ionic-bower#v1.1.1 { [Error: EISDIR, read] errno: 28, code: 'EISDIR' }
96 silly rollbackFailedOptional Starting
97 silly rollbackFailedOptional Finishing
98 silly runTopLevelLifecycles Starting
99 silly runTopLevelLifecycles Finishing
100 silly install printInstalled
101 verbose stack Error: EISDIR, read
102 verbose cwd /home/john/Desktop/code/spera/mobile
103 error Linux 4.1.6-040106-generic
104 error argv "node" "/usr/bin/npm" "install" "bower" "driftyco/ionic-bower#v1.1.1"
105 error node v0.10.37
106 error npm  v3.7.1
107 error code EISDIR
108 error errno 28
109 error eisdir EISDIR, read
110 error eisdir This is most likely not a problem with npm itself
110 error eisdir and is related to npm not being able to find a package.json in
110 error eisdir a package you are trying to install.
111 verbose exit [ 28, true ]
